<?xml version="1.0" encoding="UTF-8"?>
<!-- Generated by org.testng.reporters.JUnitXMLReporter -->
<testsuite ignored="0" hostname="LAPTOP-GOMNDAJA" failures="1" tests="4" name="BankingApp V2 Test Chrome" time="39.027" errors="0" timestamp="2023-03-09T21:23:12 EST">
  <testcase classname="com.inetbanking.testCases.TC_LoginTestDDT_003" name="LoginTestDDT" time="7.452"/>
  <testcase classname="com.inetbanking.testCases.TC_LoginTestDDT_003" name="LoginTestDDT" time="8.181"/>
  <testcase classname="com.inetbanking.testCases.TC_LoginTestDDT_003" name="LoginTestDDT" time="7.36">
    <failure type="java.lang.AssertionError" message="expected [true] but found [false]">
      <![CDATA[java.lang.AssertionError: expected [true] but found [false]
at com.inetbanking.testCases.TC_LoginTestDDT_003.LoginTestDDT(TC_LoginTestDDT_003.java:42)
at java.base/java.util.ArrayList.forEach(ArrayList.java:1511)
... Removed 29 stack frames]]>
    </failure>
  </testcase> <!-- LoginTestDDT -->
  <testcase classname="com.inetbanking.testCases.TC_LoginTestDDT_003" name="LoginTestDDT" time="9.28"/>
</testsuite> <!-- BankingApp V2 Test Chrome -->
