<?xml version="1.0" encoding="UTF-8"?>
<testng-results ignored="0" total="4" passed="3" failed="1" skipped="0">
  <reporter-output>
  </reporter-output>
  <suite started-at="2023-03-09T21:22:33 EST" name="InetBankingV2" finished-at="2023-03-09T21:23:12 EST" duration-ms="39027">
    <groups>
    </groups>
    <test started-at="2023-03-09T21:22:33 EST" name="BankingApp V2 Test Chrome" finished-at="2023-03-09T21:23:12 EST" duration-ms="39027">
      <class name="com.inetbanking.testCases.TC_LoginTestDDT_003">
        <test-method is-config="true" signature="setup(java.lang.String)[pri:0, instance:com.inetbanking.testCases.TC_LoginTestDDT_003@3270d194]" started-at="2023-03-09T21:22:33 EST" name="setup" finished-at="2023-03-09T21:22:38 EST" duration-ms="4995" status="PASS">
          <params>
            <param index="0">
              <value>
                <![CDATA[chrome]]>
              </value>
            </param>
          </params>
          <reporter-output>
          </reporter-output>
        </test-method> <!-- setup -->
        <test-method signature="LoginTestDDT(java.lang.String,java.lang.String,java.lang.String)[pri:0, instance:com.inetbanking.testCases.TC_LoginTestDDT_003@3270d194]" started-at="2023-03-09T21:22:39 EST" name="LoginTestDDT" data-provider="logindata" finished-at="2023-03-09T21:22:46 EST" duration-ms="7452" status="PASS">
          <params>
            <param index="0">
              <value>
                <![CDATA[mngr164225]]>
              </value>
            </param>
            <param index="1">
              <value>
                <![CDATA[jahetAp]]>
              </value>
            </param>
            <param index="2">
              <value>
                <![CDATA[Fail]]>
              </value>
            </param>
          </params>
          <reporter-output>
          </reporter-output>
        </test-method> <!-- LoginTestDDT -->
        <test-method signature="LoginTestDDT(java.lang.String,java.lang.String,java.lang.String)[pri:0, instance:com.inetbanking.testCases.TC_LoginTestDDT_003@3270d194]" started-at="2023-03-09T21:22:46 EST" name="LoginTestDDT" data-provider="logindata" finished-at="2023-03-09T21:22:54 EST" duration-ms="8181" status="PASS">
          <params>
            <param index="0">
              <value>
                <![CDATA[mngr480239]]>
              </value>
            </param>
            <param index="1">
              <value>
                <![CDATA[adyrUju]]>
              </value>
            </param>
            <param index="2">
              <value>
                <![CDATA[Pass]]>
              </value>
            </param>
          </params>
          <reporter-output>
          </reporter-output>
        </test-method> <!-- LoginTestDDT -->
        <test-method signature="LoginTestDDT(java.lang.String,java.lang.String,java.lang.String)[pri:0, instance:com.inetbanking.testCases.TC_LoginTestDDT_003@3270d194]" started-at="2023-03-09T21:22:54 EST" name="LoginTestDDT" data-provider="logindata" finished-at="2023-03-09T21:23:02 EST" duration-ms="7360" status="FAIL">
          <params>
            <param index="0">
              <value>
                <![CDATA[mngr16422]]>
              </value>
            </param>
            <param index="1">
              <value>
                <![CDATA[jahetAa]]>
              </value>
            </param>
            <param index="2">
              <value>
                <![CDATA[Pass]]>
              </value>
            </param>
          </params>
          <exception class="java.lang.AssertionError">
            <message>
              <![CDATA[expected [true] but found [false]]]>
            </message>
            <full-stacktrace>
              <![CDATA[java.lang.AssertionError: expected [true] but found [false]
at org.testng.Assert.fail(Assert.java:110)
at org.testng.Assert.failNotEquals(Assert.java:1577)
at org.testng.Assert.assertTrue(Assert.java:56)
at org.testng.Assert.assertTrue(Assert.java:66)
at com.inetbanking.testCases.TC_LoginTestDDT_003.LoginTestDDT(TC_LoginTestDDT_003.java:42)
at java.base/jdk.internal.reflect.DirectMethodHandleAccessor.invoke(DirectMethodHandleAccessor.java:104)
at java.base/java.lang.reflect.Method.invoke(Method.java:578)
at org.testng.internal.invokers.MethodInvocationHelper.invokeMethod(MethodInvocationHelper.java:139)
at org.testng.internal.invokers.TestInvoker.invokeMethod(TestInvoker.java:677)
at org.testng.internal.invokers.TestInvoker.invokeTestMethod(TestInvoker.java:221)
at org.testng.internal.invokers.MethodRunner.runInSequence(MethodRunner.java:50)
at org.testng.internal.invokers.TestInvoker$MethodInvocationAgent.invoke(TestInvoker.java:969)
at org.testng.internal.invokers.TestInvoker.invokeTestMethods(TestInvoker.java:194)
at org.testng.internal.invokers.TestMethodWorker.invokeTestMethods(TestMethodWorker.java:148)
at org.testng.internal.invokers.TestMethodWorker.run(TestMethodWorker.java:128)
at java.base/java.util.ArrayList.forEach(ArrayList.java:1511)
at org.testng.TestRunner.privateRun(TestRunner.java:829)
at org.testng.TestRunner.run(TestRunner.java:602)
at org.testng.SuiteRunner.runTest(SuiteRunner.java:437)
at org.testng.SuiteRunner.runSequentially(SuiteRunner.java:431)
at org.testng.SuiteRunner.privateRun(SuiteRunner.java:391)
at org.testng.SuiteRunner.run(SuiteRunner.java:330)
at org.testng.SuiteRunnerWorker.runSuite(SuiteRunnerWorker.java:52)
at org.testng.SuiteRunnerWorker.run(SuiteRunnerWorker.java:95)
at org.testng.TestNG.runSuitesSequentially(TestNG.java:1256)
at org.testng.TestNG.runSuitesLocally(TestNG.java:1176)
at org.testng.TestNG.runSuites(TestNG.java:1099)
at org.testng.TestNG.run(TestNG.java:1067)
at org.testng.remote.AbstractRemoteTestNG.run(AbstractRemoteTestNG.java:115)
at org.testng.remote.RemoteTestNG.initAndRun(RemoteTestNG.java:251)
at org.testng.remote.RemoteTestNG.main(RemoteTestNG.java:77)
]]>
            </full-stacktrace>
          </exception> <!-- java.lang.AssertionError -->
          <reporter-output>
          </reporter-output>
        </test-method> <!-- LoginTestDDT -->
        <test-method signature="LoginTestDDT(java.lang.String,java.lang.String,java.lang.String)[pri:0, instance:com.inetbanking.testCases.TC_LoginTestDDT_003@3270d194]" started-at="2023-03-09T21:23:02 EST" name="LoginTestDDT" data-provider="logindata" finished-at="2023-03-09T21:23:11 EST" duration-ms="9280" status="PASS">
          <params>
            <param index="0">
              <value>
                <![CDATA[mngr164227]]>
              </value>
            </param>
            <param index="1">
              <value>
                <![CDATA[jahetAq]]>
              </value>
            </param>
            <param index="2">
              <value>
                <![CDATA[Fail]]>
              </value>
            </param>
          </params>
          <reporter-output>
          </reporter-output>
        </test-method> <!-- LoginTestDDT -->
        <test-method is-config="true" signature="tearDown()[pri:0, instance:com.inetbanking.testCases.TC_LoginTestDDT_003@3270d194]" started-at="2023-03-09T21:23:11 EST" name="tearDown" finished-at="2023-03-09T21:23:12 EST" duration-ms="125" status="PASS">
          <reporter-output>
          </reporter-output>
        </test-method> <!-- tearDown -->
      </class> <!-- com.inetbanking.testCases.TC_LoginTestDDT_003 -->
    </test> <!-- BankingApp V2 Test Chrome -->
  </suite> <!-- InetBankingV2 -->
</testng-results>
